<?xml version="1.0" encoding="UTF-8"?>
<!-- Generated by org.testng.reporters.JUnitReportReporter -->
<testsuite hostname="DESKTOP-75SMLH3" failures="0" tests="1" name="com.testCases.testFireHappyPath" time="19.878" errors="0" timestamp="2022-11-19T17:42:00 IST" skipped="0">
  <testcase classname="com.testCases.testFireHappyPath" name="happyPath" time="19.878"/>
  <system-out/>
</testsuite> <!-- com.testCases.testFireHappyPath -->
